<?xml version="1.0" encoding="UTF-8" ?>
<testsuite tests="3" failures="0" name="edu.javacourse.studentorder.dao.DictionaryDaoImplTest" time="0.01" errors="0" skipped="0">
  <properties>
[...]
</properties>
  <testcase classname="edu.javacourse.studentorder.dao.DictionaryDaoImplTest" name="testExample1" time="0.009"/>
  <testcase classname="edu.javacourse.studentorder.dao.DictionaryDaoImplTest" name="testExample2" time="0"/>
  <testcase classname="edu.javacourse.studentorder.dao.DictionaryDaoImplTest" name="testExample3" time="0.001"/>
</testsuite>